{"C:/Users/Asus/Desktop/projects/React2025Q3/my-app/src/App.tsx": {"path":"C:/Users/Asus/Desktop/projects/React2025Q3/my-app/src/App.tsx","statementMap":{"0":{"start":{"line":10,"column":19},"end":{"line":29,"column":null}},"1":{"start":{"line":11,"column":2},"end":{"line":27,"column":null}}},"fnMap":{"0":{"name":"(anonymous_0)","decl":{"start":{"line":10,"column":19},"end":{"line":10,"column":25}},"loc":{"start":{"line":10,"column":25},"end":{"line":29,"column":null}}}},"branchMap":{},"s":{"0":0,"1":0},"f":{"0":0},"b":{}}
,"C:/Users/Asus/Desktop/projects/React2025Q3/my-app/src/main.tsx": {"path":"C:/Users/Asus/Desktop/projects/React2025Q3/my-app/src/main.tsx","statementMap":{"0":{"start":{"line":8,"column":0},"end":{"line":16,"column":null}}},"fnMap":{},"branchMap":{},"s":{"0":0},"f":{},"b":{}}
,"C:/Users/Asus/Desktop/projects/React2025Q3/my-app/src/components/Layout.tsx": {"path":"C:/Users/Asus/Desktop/projects/React2025Q3/my-app/src/components/Layout.tsx","statementMap":{"0":{"start":{"line":5,"column":22},"end":{"line":17,"column":null}},"1":{"start":{"line":6,"column":20},"end":{"line":6,"column":null}},"2":{"start":{"line":7,"column":2},"end":{"line":15,"column":null}}},"fnMap":{"0":{"name":"(anonymous_0)","decl":{"start":{"line":5,"column":22},"end":{"line":5,"column":28}},"loc":{"start":{"line":5,"column":28},"end":{"line":17,"column":null}}}},"branchMap":{"0":{"loc":{"start":{"line":12,"column":25},"end":{"line":12,"column":75}},"type":"cond-expr","locations":[{"start":{"line":12,"column":45},"end":{"line":12,"column":61}},{"start":{"line":12,"column":61},"end":{"line":12,"column":75}}]}},"s":{"0":0,"1":0,"2":0},"f":{"0":0},"b":{"0":[0,0]}}
,"C:/Users/Asus/Desktop/projects/React2025Q3/my-app/src/components/Button/Button.tsx": {"path":"C:/Users/Asus/Desktop/projects/React2025Q3/my-app/src/components/Button/Button.tsx","statementMap":{"0":{"start":{"line":5,"column":22},"end":{"line":19,"column":null}},"1":{"start":{"line":6,"column":20},"end":{"line":6,"column":null}},"2":{"start":{"line":7,"column":36},"end":{"line":7,"column":null}},"3":{"start":{"line":8,"column":18},"end":{"line":10,"column":null}},"4":{"start":{"line":9,"column":4},"end":{"line":9,"column":null}},"5":{"start":{"line":11,"column":2},"end":{"line":17,"column":null}}},"fnMap":{"0":{"name":"(anonymous_0)","decl":{"start":{"line":5,"column":22},"end":{"line":5,"column":23}},"loc":{"start":{"line":5,"column":54},"end":{"line":19,"column":null}}},"1":{"name":"(anonymous_1)","decl":{"start":{"line":8,"column":18},"end":{"line":8,"column":24}},"loc":{"start":{"line":8,"column":24},"end":{"line":10,"column":null}}}},"branchMap":{"0":{"loc":{"start":{"line":13,"column":17},"end":{"line":13,"column":null}},"type":"cond-expr","locations":[{"start":{"line":13,"column":37},"end":{"line":13,"column":58}},{"start":{"line":13,"column":58},"end":{"line":13,"column":null}}]}},"s":{"0":1,"1":6,"2":6,"3":6,"4":2,"5":6},"f":{"0":6,"1":2},"b":{"0":[5,1]}}
,"C:/Users/Asus/Desktop/projects/React2025Q3/my-app/src/components/FlyoutElement/FlyoutElement.tsx": {"path":"C:/Users/Asus/Desktop/projects/React2025Q3/my-app/src/components/FlyoutElement/FlyoutElement.tsx","statementMap":{"0":{"start":{"line":5,"column":29},"end":{"line":21,"column":null}},"1":{"start":{"line":6,"column":20},"end":{"line":6,"column":null}},"2":{"start":{"line":7,"column":2},"end":{"line":19,"column":null}}},"fnMap":{"0":{"name":"(anonymous_0)","decl":{"start":{"line":5,"column":29},"end":{"line":5,"column":35}},"loc":{"start":{"line":5,"column":35},"end":{"line":21,"column":null}}}},"branchMap":{"0":{"loc":{"start":{"line":9,"column":20},"end":{"line":9,"column":null}},"type":"cond-expr","locations":[{"start":{"line":9,"column":40},"end":{"line":9,"column":59}},{"start":{"line":9,"column":59},"end":{"line":9,"column":null}}]},"1":{"loc":{"start":{"line":11,"column":21},"end":{"line":11,"column":null}},"type":"cond-expr","locations":[{"start":{"line":11,"column":41},"end":{"line":11,"column":61}},{"start":{"line":11,"column":61},"end":{"line":11,"column":null}}]}},"s":{"0":0,"1":0,"2":0},"f":{"0":0},"b":{"0":[0,0],"1":[0,0]}}
,"C:/Users/Asus/Desktop/projects/React2025Q3/my-app/src/components/NavBar/NavBar.tsx": {"path":"C:/Users/Asus/Desktop/projects/React2025Q3/my-app/src/components/NavBar/NavBar.tsx","statementMap":{"0":{"start":{"line":7,"column":32},"end":{"line":40,"column":null}},"1":{"start":{"line":8,"column":20},"end":{"line":8,"column":null}},"2":{"start":{"line":9,"column":2},"end":{"line":38,"column":null}}},"fnMap":{"0":{"name":"(anonymous_0)","decl":{"start":{"line":7,"column":32},"end":{"line":7,"column":38}},"loc":{"start":{"line":7,"column":38},"end":{"line":40,"column":null}}}},"branchMap":{"0":{"loc":{"start":{"line":23,"column":23},"end":{"line":23,"column":null}},"type":"cond-expr","locations":[{"start":{"line":23,"column":43},"end":{"line":23,"column":63}},{"start":{"line":23,"column":63},"end":{"line":23,"column":null}}]},"1":{"loc":{"start":{"line":29,"column":23},"end":{"line":29,"column":null}},"type":"cond-expr","locations":[{"start":{"line":29,"column":43},"end":{"line":29,"column":63}},{"start":{"line":29,"column":63},"end":{"line":29,"column":null}}]}},"s":{"0":1,"1":3,"2":3},"f":{"0":3},"b":{"0":[3,0],"1":[3,0]}}
,"C:/Users/Asus/Desktop/projects/React2025Q3/my-app/src/components/PokemonCard/PokemonCard.tsx": {"path":"C:/Users/Asus/Desktop/projects/React2025Q3/my-app/src/components/PokemonCard/PokemonCard.tsx","statementMap":{"0":{"start":{"line":4,"column":60},"end":{"line":28,"column":null}},"1":{"start":{"line":5,"column":20},"end":{"line":5,"column":null}},"2":{"start":{"line":6,"column":2},"end":{"line":26,"column":null}}},"fnMap":{"0":{"name":"(anonymous_0)","decl":{"start":{"line":4,"column":60},"end":{"line":4,"column":61}},"loc":{"start":{"line":4,"column":74},"end":{"line":28,"column":null}}}},"branchMap":{"0":{"loc":{"start":{"line":8,"column":21},"end":{"line":8,"column":null}},"type":"cond-expr","locations":[{"start":{"line":8,"column":41},"end":{"line":8,"column":60}},{"start":{"line":8,"column":60},"end":{"line":8,"column":null}}]},"1":{"loc":{"start":{"line":9,"column":9},"end":{"line":9,"column":null}},"type":"binary-expr","locations":[{"start":{"line":9,"column":9},"end":{"line":9,"column":24}},{"start":{"line":9,"column":24},"end":{"line":9,"column":null}}]},"2":{"loc":{"start":{"line":11,"column":20},"end":{"line":11,"column":null}},"type":"cond-expr","locations":[{"start":{"line":11,"column":40},"end":{"line":11,"column":58}},{"start":{"line":11,"column":58},"end":{"line":11,"column":null}}]},"3":{"loc":{"start":{"line":14,"column":20},"end":{"line":14,"column":null}},"type":"cond-expr","locations":[{"start":{"line":14,"column":40},"end":{"line":14,"column":58}},{"start":{"line":14,"column":58},"end":{"line":14,"column":null}}]},"4":{"loc":{"start":{"line":17,"column":20},"end":{"line":17,"column":null}},"type":"cond-expr","locations":[{"start":{"line":17,"column":40},"end":{"line":17,"column":58}},{"start":{"line":17,"column":58},"end":{"line":17,"column":null}}]},"5":{"loc":{"start":{"line":20,"column":20},"end":{"line":20,"column":null}},"type":"cond-expr","locations":[{"start":{"line":20,"column":40},"end":{"line":20,"column":58}},{"start":{"line":20,"column":58},"end":{"line":20,"column":null}}]},"6":{"loc":{"start":{"line":23,"column":20},"end":{"line":23,"column":null}},"type":"cond-expr","locations":[{"start":{"line":23,"column":40},"end":{"line":23,"column":58}},{"start":{"line":23,"column":58},"end":{"line":23,"column":null}}]}},"s":{"0":1,"1":2,"2":2},"f":{"0":2},"b":{"0":[1,1],"1":[2,2],"2":[1,1],"3":[1,1],"4":[1,1],"5":[1,1],"6":[1,1]}}
,"C:/Users/Asus/Desktop/projects/React2025Q3/my-app/src/components/PokemonDetails/PokemonDetails.tsx": {"path":"C:/Users/Asus/Desktop/projects/React2025Q3/my-app/src/components/PokemonDetails/PokemonDetails.tsx","statementMap":{"0":{"start":{"line":6,"column":30},"end":{"line":74,"column":null}},"1":{"start":{"line":7,"column":19},"end":{"line":7,"column":null}},"2":{"start":{"line":8,"column":26},"end":{"line":8,"column":null}},"3":{"start":{"line":9,"column":28},"end":{"line":9,"column":null}},"4":{"start":{"line":10,"column":32},"end":{"line":10,"column":null}},"5":{"start":{"line":11,"column":20},"end":{"line":11,"column":null}},"6":{"start":{"line":13,"column":2},"end":{"line":43,"column":null}},"7":{"start":{"line":14,"column":4},"end":{"line":14,"column":null}},"8":{"start":{"line":14,"column":15},"end":{"line":14,"column":null}},"9":{"start":{"line":16,"column":25},"end":{"line":40,"column":null}},"10":{"start":{"line":17,"column":6},"end":{"line":17,"column":null}},"11":{"start":{"line":18,"column":6},"end":{"line":18,"column":null}},"12":{"start":{"line":20,"column":6},"end":{"line":39,"column":null}},"13":{"start":{"line":21,"column":20},"end":{"line":21,"column":null}},"14":{"start":{"line":22,"column":8},"end":{"line":22,"column":null}},"15":{"start":{"line":22,"column":21},"end":{"line":22,"column":null}},"16":{"start":{"line":24,"column":21},"end":{"line":24,"column":null}},"17":{"start":{"line":25,"column":38},"end":{"line":32,"column":null}},"18":{"start":{"line":27,"column":50},"end":{"line":27,"column":61}},"19":{"start":{"line":31,"column":61},"end":{"line":31,"column":75}},"20":{"start":{"line":34,"column":8},"end":{"line":34,"column":null}},"21":{"start":{"line":36,"column":8},"end":{"line":36,"column":null}},"22":{"start":{"line":38,"column":8},"end":{"line":38,"column":null}},"23":{"start":{"line":42,"column":4},"end":{"line":42,"column":null}},"24":{"start":{"line":45,"column":2},"end":{"line":45,"column":null}},"25":{"start":{"line":45,"column":15},"end":{"line":45,"column":null}},"26":{"start":{"line":46,"column":2},"end":{"line":46,"column":null}},"27":{"start":{"line":46,"column":13},"end":{"line":46,"column":null}},"28":{"start":{"line":47,"column":2},"end":{"line":47,"column":null}},"29":{"start":{"line":47,"column":13},"end":{"line":47,"column":null}},"30":{"start":{"line":49,"column":2},"end":{"line":72,"column":null}}},"fnMap":{"0":{"name":"(anonymous_0)","decl":{"start":{"line":6,"column":30},"end":{"line":6,"column":36}},"loc":{"start":{"line":6,"column":36},"end":{"line":74,"column":null}}},"1":{"name":"(anonymous_1)","decl":{"start":{"line":13,"column":12},"end":{"line":13,"column":18}},"loc":{"start":{"line":13,"column":18},"end":{"line":43,"column":5}}},"2":{"name":"(anonymous_2)","decl":{"start":{"line":16,"column":25},"end":{"line":16,"column":37}},"loc":{"start":{"line":16,"column":37},"end":{"line":40,"column":null}}},"3":{"name":"(anonymous_3)","decl":{"start":{"line":27,"column":32},"end":{"line":27,"column":33}},"loc":{"start":{"line":27,"column":50},"end":{"line":27,"column":61}}},"4":{"name":"(anonymous_4)","decl":{"start":{"line":31,"column":40},"end":{"line":31,"column":41}},"loc":{"start":{"line":31,"column":61},"end":{"line":31,"column":75}}}},"branchMap":{"0":{"loc":{"start":{"line":14,"column":4},"end":{"line":14,"column":null}},"type":"if","locations":[{"start":{"line":14,"column":4},"end":{"line":14,"column":null}},{"start":{},"end":{}}]},"1":{"loc":{"start":{"line":22,"column":8},"end":{"line":22,"column":null}},"type":"if","locations":[{"start":{"line":22,"column":8},"end":{"line":22,"column":null}},{"start":{},"end":{}}]},"2":{"loc":{"start":{"line":36,"column":18},"end":{"line":36,"column":50}},"type":"binary-expr","locations":[{"start":{"line":36,"column":18},"end":{"line":36,"column":43}},{"start":{"line":36,"column":43},"end":{"line":36,"column":50}}]},"3":{"loc":{"start":{"line":45,"column":2},"end":{"line":45,"column":null}},"type":"if","locations":[{"start":{"line":45,"column":2},"end":{"line":45,"column":null}},{"start":{},"end":{}}]},"4":{"loc":{"start":{"line":46,"column":2},"end":{"line":46,"column":null}},"type":"if","locations":[{"start":{"line":46,"column":2},"end":{"line":46,"column":null}},{"start":{},"end":{}}]},"5":{"loc":{"start":{"line":47,"column":2},"end":{"line":47,"column":null}},"type":"if","locations":[{"start":{"line":47,"column":2},"end":{"line":47,"column":null}},{"start":{},"end":{}}]},"6":{"loc":{"start":{"line":51,"column":21},"end":{"line":51,"column":77}},"type":"cond-expr","locations":[{"start":{"line":51,"column":41},"end":{"line":51,"column":60}},{"start":{"line":51,"column":60},"end":{"line":51,"column":77}}]},"7":{"loc":{"start":{"line":54,"column":21},"end":{"line":54,"column":null}},"type":"cond-expr","locations":[{"start":{"line":54,"column":41},"end":{"line":54,"column":60}},{"start":{"line":54,"column":60},"end":{"line":54,"column":null}}]},"8":{"loc":{"start":{"line":55,"column":9},"end":{"line":55,"column":null}},"type":"binary-expr","locations":[{"start":{"line":55,"column":9},"end":{"line":55,"column":24}},{"start":{"line":55,"column":24},"end":{"line":55,"column":null}}]},"9":{"loc":{"start":{"line":57,"column":20},"end":{"line":57,"column":null}},"type":"cond-expr","locations":[{"start":{"line":57,"column":40},"end":{"line":57,"column":58}},{"start":{"line":57,"column":58},"end":{"line":57,"column":null}}]},"10":{"loc":{"start":{"line":60,"column":20},"end":{"line":60,"column":null}},"type":"cond-expr","locations":[{"start":{"line":60,"column":40},"end":{"line":60,"column":58}},{"start":{"line":60,"column":58},"end":{"line":60,"column":null}}]},"11":{"loc":{"start":{"line":63,"column":20},"end":{"line":63,"column":null}},"type":"cond-expr","locations":[{"start":{"line":63,"column":40},"end":{"line":63,"column":58}},{"start":{"line":63,"column":58},"end":{"line":63,"column":null}}]},"12":{"loc":{"start":{"line":66,"column":20},"end":{"line":66,"column":null}},"type":"cond-expr","locations":[{"start":{"line":66,"column":40},"end":{"line":66,"column":58}},{"start":{"line":66,"column":58},"end":{"line":66,"column":null}}]},"13":{"loc":{"start":{"line":69,"column":20},"end":{"line":69,"column":null}},"type":"cond-expr","locations":[{"start":{"line":69,"column":40},"end":{"line":69,"column":58}},{"start":{"line":69,"column":58},"end":{"line":69,"column":null}}]}},"s":{"0":1,"1":6,"2":6,"3":6,"4":6,"5":6,"6":6,"7":2,"8":0,"9":2,"10":2,"11":2,"12":2,"13":2,"14":2,"15":1,"16":1,"17":1,"18":1,"19":1,"20":1,"21":1,"22":2,"23":2,"24":6,"25":2,"26":4,"27":1,"28":3,"29":2,"30":1},"f":{"0":6,"1":2,"2":2,"3":1,"4":1},"b":{"0":[0,2],"1":[1,1],"2":[1,0],"3":[2,4],"4":[1,3],"5":[2,1],"6":[1,0],"7":[1,0],"8":[1,1],"9":[1,0],"10":[1,0],"11":[1,0],"12":[1,0],"13":[1,0]}}
,"C:/Users/Asus/Desktop/projects/React2025Q3/my-app/src/components/PokemonItem/PokemonItem.tsx": {"path":"C:/Users/Asus/Desktop/projects/React2025Q3/my-app/src/components/PokemonItem/PokemonItem.tsx","statementMap":{"0":{"start":{"line":6,"column":27},"end":{"line":33,"column":null}},"1":{"start":{"line":7,"column":20},"end":{"line":7,"column":null}},"2":{"start":{"line":8,"column":32},"end":{"line":8,"column":null}},"3":{"start":{"line":9,"column":19},"end":{"line":9,"column":null}},"4":{"start":{"line":10,"column":23},"end":{"line":12,"column":null}},"5":{"start":{"line":11,"column":4},"end":{"line":11,"column":null}},"6":{"start":{"line":13,"column":2},"end":{"line":31,"column":null}},"7":{"start":{"line":15,"column":21},"end":{"line":15,"column":null}},"8":{"start":{"line":22,"column":24},"end":{"line":22,"column":null}}},"fnMap":{"0":{"name":"(anonymous_0)","decl":{"start":{"line":6,"column":27},"end":{"line":6,"column":28}},"loc":{"start":{"line":6,"column":56},"end":{"line":33,"column":null}}},"1":{"name":"(anonymous_1)","decl":{"start":{"line":10,"column":23},"end":{"line":10,"column":29}},"loc":{"start":{"line":10,"column":29},"end":{"line":12,"column":null}}},"2":{"name":"(anonymous_2)","decl":{"start":{"line":15,"column":15},"end":{"line":15,"column":21}},"loc":{"start":{"line":15,"column":21},"end":{"line":15,"column":null}}},"3":{"name":"(anonymous_3)","decl":{"start":{"line":22,"column":17},"end":{"line":22,"column":18}},"loc":{"start":{"line":22,"column":24},"end":{"line":22,"column":null}}}},"branchMap":{"0":{"loc":{"start":{"line":16,"column":17},"end":{"line":16,"column":null}},"type":"cond-expr","locations":[{"start":{"line":16,"column":37},"end":{"line":16,"column":56}},{"start":{"line":16,"column":56},"end":{"line":16,"column":null}}]},"1":{"loc":{"start":{"line":24,"column":10},"end":{"line":24,"column":null}},"type":"cond-expr","locations":[{"start":{"line":24,"column":30},"end":{"line":24,"column":53}},{"start":{"line":24,"column":53},"end":{"line":24,"column":null}}]},"2":{"loc":{"start":{"line":27,"column":23},"end":{"line":27,"column":null}},"type":"cond-expr","locations":[{"start":{"line":27,"column":43},"end":{"line":27,"column":62}},{"start":{"line":27,"column":62},"end":{"line":27,"column":null}}]}},"s":{"0":1,"1":6,"2":6,"3":6,"4":6,"5":2,"6":6,"7":2,"8":2},"f":{"0":6,"1":2,"2":2,"3":2},"b":{"0":[6,0],"1":[6,0],"2":[6,0]}}
,"C:/Users/Asus/Desktop/projects/React2025Q3/my-app/src/components/PokemonList/PokemonList.tsx": {"path":"C:/Users/Asus/Desktop/projects/React2025Q3/my-app/src/components/PokemonList/PokemonList.tsx","statementMap":{"0":{"start":{"line":5,"column":23},"end":{"line":5,"column":null}},"1":{"start":{"line":6,"column":20},"end":{"line":6,"column":null}},"2":{"start":{"line":9,"column":71},"end":{"line":93,"column":null}},"3":{"start":{"line":12,"column":21},"end":{"line":12,"column":null}},"4":{"start":{"line":13,"column":42},"end":{"line":13,"column":null}},"5":{"start":{"line":14,"column":20},"end":{"line":14,"column":null}},"6":{"start":{"line":16,"column":25},"end":{"line":24,"column":null}},"7":{"start":{"line":17,"column":20},"end":{"line":17,"column":null}},"8":{"start":{"line":18,"column":4},"end":{"line":18,"column":null}},"9":{"start":{"line":18,"column":47},"end":{"line":18,"column":null}},"10":{"start":{"line":20,"column":23},"end":{"line":20,"column":null}},"11":{"start":{"line":21,"column":4},"end":{"line":21,"column":null}},"12":{"start":{"line":21,"column":53},"end":{"line":21,"column":null}},"13":{"start":{"line":23,"column":4},"end":{"line":23,"column":null}},"14":{"start":{"line":26,"column":40},"end":{"line":26,"column":null}},"15":{"start":{"line":28,"column":2},"end":{"line":31,"column":null}},"16":{"start":{"line":29,"column":4},"end":{"line":29,"column":null}},"17":{"start":{"line":30,"column":4},"end":{"line":30,"column":null}},"18":{"start":{"line":33,"column":2},"end":{"line":38,"column":null}},"19":{"start":{"line":34,"column":20},"end":{"line":34,"column":null}},"20":{"start":{"line":35,"column":4},"end":{"line":37,"column":null}},"21":{"start":{"line":36,"column":6},"end":{"line":36,"column":null}},"22":{"start":{"line":40,"column":8},"end":{"line":40,"column":null}},"23":{"start":{"line":41,"column":27},"end":{"line":44,"column":null}},"24":{"start":{"line":46,"column":21},"end":{"line":46,"column":null}},"25":{"start":{"line":46,"column":27},"end":{"line":46,"column":null}},"26":{"start":{"line":46,"column":52},"end":{"line":46,"column":73}},"27":{"start":{"line":47,"column":21},"end":{"line":48,"column":null}},"28":{"start":{"line":48,"column":4},"end":{"line":48,"column":null}},"29":{"start":{"line":48,"column":29},"end":{"line":48,"column":59}},"30":{"start":{"line":50,"column":2},"end":{"line":91,"column":null}},"31":{"start":{"line":54,"column":10},"end":{"line":54,"column":null}}},"fnMap":{"0":{"name":"(anonymous_0)","decl":{"start":{"line":9,"column":71},"end":{"line":9,"column":72}},"loc":{"start":{"line":11,"column":6},"end":{"line":93,"column":null}}},"1":{"name":"(anonymous_1)","decl":{"start":{"line":16,"column":25},"end":{"line":16,"column":39}},"loc":{"start":{"line":16,"column":39},"end":{"line":24,"column":null}}},"2":{"name":"(anonymous_2)","decl":{"start":{"line":28,"column":12},"end":{"line":28,"column":18}},"loc":{"start":{"line":28,"column":18},"end":{"line":31,"column":5}}},"3":{"name":"(anonymous_3)","decl":{"start":{"line":33,"column":12},"end":{"line":33,"column":18}},"loc":{"start":{"line":33,"column":18},"end":{"line":38,"column":5}}},"4":{"name":"(anonymous_4)","decl":{"start":{"line":46,"column":21},"end":{"line":46,"column":27}},"loc":{"start":{"line":46,"column":27},"end":{"line":46,"column":null}}},"5":{"name":"(anonymous_5)","decl":{"start":{"line":46,"column":42},"end":{"line":46,"column":43}},"loc":{"start":{"line":46,"column":52},"end":{"line":46,"column":73}}},"6":{"name":"(anonymous_6)","decl":{"start":{"line":47,"column":21},"end":{"line":47,"column":null}},"loc":{"start":{"line":48,"column":4},"end":{"line":48,"column":null}}},"7":{"name":"(anonymous_7)","decl":{"start":{"line":48,"column":19},"end":{"line":48,"column":20}},"loc":{"start":{"line":48,"column":29},"end":{"line":48,"column":59}}},"8":{"name":"(anonymous_8)","decl":{"start":{"line":53,"column":30},"end":{"line":53,"column":31}},"loc":{"start":{"line":54,"column":10},"end":{"line":54,"column":null}}}},"branchMap":{"0":{"loc":{"start":{"line":18,"column":4},"end":{"line":18,"column":null}},"type":"if","locations":[{"start":{"line":18,"column":4},"end":{"line":18,"column":null}},{"start":{},"end":{}}]},"1":{"loc":{"start":{"line":18,"column":8},"end":{"line":18,"column":47}},"type":"binary-expr","locations":[{"start":{"line":18,"column":8},"end":{"line":18,"column":24}},{"start":{"line":18,"column":24},"end":{"line":18,"column":47}}]},"2":{"loc":{"start":{"line":21,"column":4},"end":{"line":21,"column":null}},"type":"if","locations":[{"start":{"line":21,"column":4},"end":{"line":21,"column":null}},{"start":{},"end":{}}]},"3":{"loc":{"start":{"line":21,"column":8},"end":{"line":21,"column":53}},"type":"binary-expr","locations":[{"start":{"line":21,"column":8},"end":{"line":21,"column":27}},{"start":{"line":21,"column":27},"end":{"line":21,"column":53}}]},"4":{"loc":{"start":{"line":35,"column":4},"end":{"line":37,"column":null}},"type":"if","locations":[{"start":{"line":35,"column":4},"end":{"line":37,"column":null}},{"start":{},"end":{}}]},"5":{"loc":{"start":{"line":35,"column":8},"end":{"line":35,"column":44}},"type":"binary-expr","locations":[{"start":{"line":35,"column":8},"end":{"line":35,"column":19}},{"start":{"line":35,"column":19},"end":{"line":35,"column":44}}]},"6":{"loc":{"start":{"line":69,"column":12},"end":{"line":71,"column":null}},"type":"cond-expr","locations":[{"start":{"line":70,"column":16},"end":{"line":70,"column":null}},{"start":{"line":71,"column":16},"end":{"line":71,"column":null}}]},"7":{"loc":{"start":{"line":76,"column":25},"end":{"line":76,"column":71}},"type":"cond-expr","locations":[{"start":{"line":76,"column":45},"end":{"line":76,"column":59}},{"start":{"line":76,"column":59},"end":{"line":76,"column":71}}]},"8":{"loc":{"start":{"line":83,"column":12},"end":{"line":85,"column":null}},"type":"cond-expr","locations":[{"start":{"line":84,"column":16},"end":{"line":84,"column":null}},{"start":{"line":85,"column":16},"end":{"line":85,"column":null}}]}},"s":{"0":1,"1":1,"2":1,"3":18,"4":18,"5":18,"6":18,"7":5,"8":5,"9":0,"10":5,"11":5,"12":1,"13":4,"14":18,"15":18,"16":12,"17":12,"18":18,"19":11,"20":11,"21":0,"22":18,"23":18,"24":18,"25":0,"26":0,"27":18,"28":1,"29":1,"30":18,"31":810},"f":{"0":18,"1":5,"2":12,"3":11,"4":0,"5":0,"6":1,"7":1,"8":810},"b":{"0":[0,5],"1":[5,0],"2":[1,4],"3":[5,1],"4":[0,11],"5":[11,6],"6":[15,3],"7":[15,3],"8":[15,3]}}
,"C:/Users/Asus/Desktop/projects/React2025Q3/my-app/src/components/PokemonLoader/PokemonLoader.tsx": {"path":"C:/Users/Asus/Desktop/projects/React2025Q3/my-app/src/components/PokemonLoader/PokemonLoader.tsx","statementMap":{"0":{"start":{"line":20,"column":59},"end":{"line":99,"column":null}},"1":{"start":{"line":25,"column":40},"end":{"line":27,"column":null}},"2":{"start":{"line":28,"column":26},"end":{"line":28,"column":null}},"3":{"start":{"line":30,"column":32},"end":{"line":30,"column":null}},"4":{"start":{"line":31,"column":28},"end":{"line":31,"column":null}},"5":{"start":{"line":33,"column":2},"end":{"line":39,"column":null}},"6":{"start":{"line":34,"column":4},"end":{"line":38,"column":null}},"7":{"start":{"line":35,"column":6},"end":{"line":35,"column":null}},"8":{"start":{"line":37,"column":6},"end":{"line":37,"column":null}},"9":{"start":{"line":41,"column":20},"end":{"line":56,"column":null}},"10":{"start":{"line":42,"column":4},"end":{"line":42,"column":null}},"11":{"start":{"line":43,"column":4},"end":{"line":43,"column":null}},"12":{"start":{"line":45,"column":4},"end":{"line":55,"column":null}},"13":{"start":{"line":46,"column":18},"end":{"line":46,"column":null}},"14":{"start":{"line":47,"column":6},"end":{"line":47,"column":null}},"15":{"start":{"line":47,"column":19},"end":{"line":47,"column":null}},"16":{"start":{"line":49,"column":19},"end":{"line":49,"column":null}},"17":{"start":{"line":50,"column":6},"end":{"line":50,"column":null}},"18":{"start":{"line":52,"column":6},"end":{"line":52,"column":null}},"19":{"start":{"line":54,"column":6},"end":{"line":54,"column":null}},"20":{"start":{"line":58,"column":23},"end":{"line":83,"column":null}},"21":{"start":{"line":59,"column":4},"end":{"line":59,"column":null}},"22":{"start":{"line":60,"column":4},"end":{"line":60,"column":null}},"23":{"start":{"line":62,"column":4},"end":{"line":82,"column":null}},"24":{"start":{"line":63,"column":18},"end":{"line":63,"column":null}},"25":{"start":{"line":64,"column":6},"end":{"line":64,"column":null}},"26":{"start":{"line":64,"column":19},"end":{"line":64,"column":null}},"27":{"start":{"line":66,"column":19},"end":{"line":66,"column":null}},"28":{"start":{"line":68,"column":36},"end":{"line":75,"column":null}},"29":{"start":{"line":70,"column":48},"end":{"line":70,"column":59}},"30":{"start":{"line":74,"column":59},"end":{"line":74,"column":73}},"31":{"start":{"line":77,"column":6},"end":{"line":77,"column":null}},"32":{"start":{"line":79,"column":6},"end":{"line":79,"column":null}},"33":{"start":{"line":81,"column":6},"end":{"line":81,"column":null}},"34":{"start":{"line":85,"column":2},"end":{"line":91,"column":null}},"35":{"start":{"line":86,"column":4},"end":{"line":90,"column":null}},"36":{"start":{"line":87,"column":6},"end":{"line":87,"column":null}},"37":{"start":{"line":89,"column":6},"end":{"line":89,"column":null}},"38":{"start":{"line":93,"column":2},"end":{"line":98,"column":null}}},"fnMap":{"0":{"name":"(anonymous_0)","decl":{"start":{"line":20,"column":59},"end":{"line":20,"column":60}},"loc":{"start":{"line":24,"column":6},"end":{"line":99,"column":null}}},"1":{"name":"(anonymous_1)","decl":{"start":{"line":33,"column":12},"end":{"line":33,"column":18}},"loc":{"start":{"line":33,"column":18},"end":{"line":39,"column":5}}},"2":{"name":"(anonymous_2)","decl":{"start":{"line":41,"column":32},"end":{"line":41,"column":44}},"loc":{"start":{"line":41,"column":44},"end":{"line":56,"column":5}}},"3":{"name":"(anonymous_3)","decl":{"start":{"line":58,"column":35},"end":{"line":58,"column":42}},"loc":{"start":{"line":58,"column":59},"end":{"line":83,"column":5}}},"4":{"name":"(anonymous_4)","decl":{"start":{"line":70,"column":30},"end":{"line":70,"column":31}},"loc":{"start":{"line":70,"column":48},"end":{"line":70,"column":59}}},"5":{"name":"(anonymous_5)","decl":{"start":{"line":74,"column":38},"end":{"line":74,"column":39}},"loc":{"start":{"line":74,"column":59},"end":{"line":74,"column":73}}},"6":{"name":"(anonymous_6)","decl":{"start":{"line":85,"column":12},"end":{"line":85,"column":18}},"loc":{"start":{"line":85,"column":18},"end":{"line":91,"column":5}}}},"branchMap":{"0":{"loc":{"start":{"line":34,"column":4},"end":{"line":38,"column":null}},"type":"if","locations":[{"start":{"line":34,"column":4},"end":{"line":38,"column":null}},{"start":{"line":36,"column":11},"end":{"line":38,"column":null}}]},"1":{"loc":{"start":{"line":47,"column":6},"end":{"line":47,"column":null}},"type":"if","locations":[{"start":{"line":47,"column":6},"end":{"line":47,"column":null}},{"start":{},"end":{}}]},"2":{"loc":{"start":{"line":64,"column":6},"end":{"line":64,"column":null}},"type":"if","locations":[{"start":{"line":64,"column":6},"end":{"line":64,"column":null}},{"start":{},"end":{}}]},"3":{"loc":{"start":{"line":79,"column":15},"end":{"line":79,"column":67}},"type":"cond-expr","locations":[{"start":{"line":79,"column":38},"end":{"line":79,"column":52}},{"start":{"line":79,"column":52},"end":{"line":79,"column":67}}]},"4":{"loc":{"start":{"line":86,"column":4},"end":{"line":90,"column":null}},"type":"if","locations":[{"start":{"line":86,"column":4},"end":{"line":90,"column":null}},{"start":{"line":88,"column":11},"end":{"line":90,"column":null}}]}},"s":{"0":1,"1":3,"2":3,"3":3,"4":3,"5":3,"6":1,"7":0,"8":1,"9":3,"10":1,"11":1,"12":1,"13":1,"14":1,"15":0,"16":1,"17":1,"18":0,"19":1,"20":3,"21":1,"22":1,"23":1,"24":1,"25":1,"26":0,"27":0,"28":0,"29":0,"30":0,"31":0,"32":1,"33":1,"34":3,"35":1,"36":1,"37":0,"38":3},"f":{"0":3,"1":1,"2":1,"3":1,"4":0,"5":0,"6":1},"b":{"0":[0,1],"1":[0,1],"2":[0,0],"3":[1,0],"4":[1,0]}}
,"C:/Users/Asus/Desktop/projects/React2025Q3/my-app/src/components/Search/Search.tsx": {"path":"C:/Users/Asus/Desktop/projects/React2025Q3/my-app/src/components/Search/Search.tsx","statementMap":{"0":{"start":{"line":10,"column":39},"end":{"line":40,"column":null}},"1":{"start":{"line":11,"column":38},"end":{"line":11,"column":null}},"2":{"start":{"line":12,"column":20},"end":{"line":12,"column":null}},"3":{"start":{"line":14,"column":23},"end":{"line":16,"column":null}},"4":{"start":{"line":15,"column":4},"end":{"line":15,"column":null}},"5":{"start":{"line":18,"column":23},"end":{"line":20,"column":null}},"6":{"start":{"line":19,"column":4},"end":{"line":19,"column":null}},"7":{"start":{"line":21,"column":2},"end":{"line":38,"column":null}}},"fnMap":{"0":{"name":"(anonymous_0)","decl":{"start":{"line":10,"column":39},"end":{"line":10,"column":40}},"loc":{"start":{"line":10,"column":57},"end":{"line":40,"column":null}}},"1":{"name":"(anonymous_1)","decl":{"start":{"line":14,"column":23},"end":{"line":14,"column":24}},"loc":{"start":{"line":14,"column":61},"end":{"line":16,"column":null}}},"2":{"name":"(anonymous_2)","decl":{"start":{"line":18,"column":23},"end":{"line":18,"column":29}},"loc":{"start":{"line":18,"column":29},"end":{"line":20,"column":null}}}},"branchMap":{"0":{"loc":{"start":{"line":29,"column":19},"end":{"line":29,"column":null}},"type":"cond-expr","locations":[{"start":{"line":29,"column":39},"end":{"line":29,"column":59}},{"start":{"line":29,"column":59},"end":{"line":29,"column":null}}]},"1":{"loc":{"start":{"line":34,"column":19},"end":{"line":34,"column":null}},"type":"cond-expr","locations":[{"start":{"line":34,"column":39},"end":{"line":34,"column":60}},{"start":{"line":34,"column":60},"end":{"line":34,"column":null}}]}},"s":{"0":1,"1":19,"2":19,"3":19,"4":14,"5":19,"6":2,"7":19},"f":{"0":19,"1":14,"2":2},"b":{"0":[19,0],"1":[19,0]}}
,"C:/Users/Asus/Desktop/projects/React2025Q3/my-app/src/components/ThemeContext/ThemeContext.tsx": {"path":"C:/Users/Asus/Desktop/projects/React2025Q3/my-app/src/components/ThemeContext/ThemeContext.tsx","statementMap":{"0":{"start":{"line":10,"column":28},"end":{"line":12,"column":null}}},"fnMap":{},"branchMap":{},"s":{"0":4},"f":{},"b":{}}
,"C:/Users/Asus/Desktop/projects/React2025Q3/my-app/src/components/ThemeContext/ThemeProvider.tsx": {"path":"C:/Users/Asus/Desktop/projects/React2025Q3/my-app/src/components/ThemeContext/ThemeProvider.tsx","statementMap":{"0":{"start":{"line":6,"column":29},"end":{"line":37,"column":null}},"1":{"start":{"line":7,"column":28},"end":{"line":7,"column":null}},"2":{"start":{"line":8,"column":44},"end":{"line":8,"column":null}},"3":{"start":{"line":10,"column":2},"end":{"line":19,"column":null}},"4":{"start":{"line":11,"column":18},"end":{"line":11,"column":null}},"5":{"start":{"line":12,"column":4},"end":{"line":17,"column":null}},"6":{"start":{"line":13,"column":6},"end":{"line":13,"column":null}},"7":{"start":{"line":14,"column":6},"end":{"line":14,"column":null}},"8":{"start":{"line":16,"column":6},"end":{"line":16,"column":null}},"9":{"start":{"line":18,"column":4},"end":{"line":18,"column":null}},"10":{"start":{"line":21,"column":2},"end":{"line":25,"column":null}},"11":{"start":{"line":22,"column":4},"end":{"line":22,"column":null}},"12":{"start":{"line":22,"column":24},"end":{"line":22,"column":null}},"13":{"start":{"line":23,"column":4},"end":{"line":23,"column":null}},"14":{"start":{"line":24,"column":4},"end":{"line":24,"column":null}},"15":{"start":{"line":27,"column":22},"end":{"line":29,"column":null}},"16":{"start":{"line":28,"column":4},"end":{"line":28,"column":null}},"17":{"start":{"line":28,"column":24},"end":{"line":28,"column":67}},"18":{"start":{"line":30,"column":2},"end":{"line":30,"column":null}},"19":{"start":{"line":30,"column":22},"end":{"line":30,"column":null}},"20":{"start":{"line":32,"column":2},"end":{"line":35,"column":null}}},"fnMap":{"0":{"name":"(anonymous_0)","decl":{"start":{"line":6,"column":29},"end":{"line":6,"column":30}},"loc":{"start":{"line":6,"column":72},"end":{"line":37,"column":null}}},"1":{"name":"(anonymous_1)","decl":{"start":{"line":10,"column":12},"end":{"line":10,"column":18}},"loc":{"start":{"line":10,"column":18},"end":{"line":19,"column":5}}},"2":{"name":"(anonymous_2)","decl":{"start":{"line":21,"column":12},"end":{"line":21,"column":18}},"loc":{"start":{"line":21,"column":18},"end":{"line":25,"column":5}}},"3":{"name":"(anonymous_3)","decl":{"start":{"line":27,"column":22},"end":{"line":27,"column":28}},"loc":{"start":{"line":27,"column":28},"end":{"line":29,"column":null}}},"4":{"name":"(anonymous_4)","decl":{"start":{"line":28,"column":13},"end":{"line":28,"column":14}},"loc":{"start":{"line":28,"column":24},"end":{"line":28,"column":67}}}},"branchMap":{"0":{"loc":{"start":{"line":12,"column":4},"end":{"line":17,"column":null}},"type":"if","locations":[{"start":{"line":12,"column":4},"end":{"line":17,"column":null}},{"start":{"line":15,"column":11},"end":{"line":17,"column":null}}]},"1":{"loc":{"start":{"line":12,"column":8},"end":{"line":12,"column":47}},"type":"binary-expr","locations":[{"start":{"line":12,"column":8},"end":{"line":12,"column":29}},{"start":{"line":12,"column":29},"end":{"line":12,"column":47}}]},"2":{"loc":{"start":{"line":22,"column":4},"end":{"line":22,"column":null}},"type":"if","locations":[{"start":{"line":22,"column":4},"end":{"line":22,"column":null}},{"start":{},"end":{}}]},"3":{"loc":{"start":{"line":28,"column":31},"end":{"line":28,"column":67}},"type":"cond-expr","locations":[{"start":{"line":28,"column":50},"end":{"line":28,"column":59}},{"start":{"line":28,"column":59},"end":{"line":28,"column":67}}]},"4":{"loc":{"start":{"line":30,"column":2},"end":{"line":30,"column":null}},"type":"if","locations":[{"start":{"line":30,"column":2},"end":{"line":30,"column":null}},{"start":{},"end":{}}]}},"s":{"0":4,"1":22,"2":22,"3":22,"4":11,"5":11,"6":7,"7":7,"8":4,"9":11,"10":22,"11":22,"12":11,"13":11,"14":11,"15":22,"16":0,"17":0,"18":22,"19":11,"20":11},"f":{"0":22,"1":11,"2":22,"3":0,"4":0},"b":{"0":[7,4],"1":[11,4],"2":[11,11],"3":[0,0],"4":[11,11]}}
,"C:/Users/Asus/Desktop/projects/React2025Q3/my-app/src/components/ThemeContext/useTheme.tsx": {"path":"C:/Users/Asus/Desktop/projects/React2025Q3/my-app/src/components/ThemeContext/useTheme.tsx","statementMap":{"0":{"start":{"line":4,"column":24},"end":{"line":10,"column":null}},"1":{"start":{"line":5,"column":18},"end":{"line":5,"column":null}},"2":{"start":{"line":6,"column":2},"end":{"line":8,"column":null}},"3":{"start":{"line":7,"column":4},"end":{"line":7,"column":null}},"4":{"start":{"line":9,"column":2},"end":{"line":9,"column":null}}},"fnMap":{"0":{"name":"(anonymous_0)","decl":{"start":{"line":4,"column":24},"end":{"line":4,"column":30}},"loc":{"start":{"line":4,"column":30},"end":{"line":10,"column":null}}}},"branchMap":{"0":{"loc":{"start":{"line":6,"column":2},"end":{"line":8,"column":null}},"type":"if","locations":[{"start":{"line":6,"column":2},"end":{"line":8,"column":null}},{"start":{},"end":{}}]}},"s":{"0":4,"1":26,"2":26,"3":0,"4":26},"f":{"0":26},"b":{"0":[0,26]}}
,"C:/Users/Asus/Desktop/projects/React2025Q3/my-app/src/components/ThemeSwitcher/ThemeSwitcher.tsx": {"path":"C:/Users/Asus/Desktop/projects/React2025Q3/my-app/src/components/ThemeSwitcher/ThemeSwitcher.tsx","statementMap":{"0":{"start":{"line":5,"column":29},"end":{"line":26,"column":null}},"1":{"start":{"line":6,"column":33},"end":{"line":6,"column":null}},"2":{"start":{"line":8,"column":2},"end":{"line":24,"column":null}}},"fnMap":{"0":{"name":"(anonymous_0)","decl":{"start":{"line":5,"column":29},"end":{"line":5,"column":35}},"loc":{"start":{"line":5,"column":35},"end":{"line":26,"column":null}}}},"branchMap":{"0":{"loc":{"start":{"line":10,"column":23},"end":{"line":10,"column":79}},"type":"cond-expr","locations":[{"start":{"line":10,"column":43},"end":{"line":10,"column":62}},{"start":{"line":10,"column":62},"end":{"line":10,"column":79}}]},"1":{"loc":{"start":{"line":21,"column":23},"end":{"line":21,"column":79}},"type":"cond-expr","locations":[{"start":{"line":21,"column":43},"end":{"line":21,"column":62}},{"start":{"line":21,"column":62},"end":{"line":21,"column":79}}]}},"s":{"0":1,"1":3,"2":3},"f":{"0":3},"b":{"0":[3,0],"1":[3,0]}}
,"C:/Users/Asus/Desktop/projects/React2025Q3/my-app/src/hooks/useSearchWithStorage.tsx": {"path":"C:/Users/Asus/Desktop/projects/React2025Q3/my-app/src/hooks/useSearchWithStorage.tsx","statementMap":{"0":{"start":{"line":3,"column":36},"end":{"line":15,"column":null}},"1":{"start":{"line":4,"column":38},"end":{"line":6,"column":null}},"2":{"start":{"line":5,"column":4},"end":{"line":5,"column":null}},"3":{"start":{"line":8,"column":2},"end":{"line":12,"column":null}},"4":{"start":{"line":9,"column":4},"end":{"line":11,"column":null}},"5":{"start":{"line":10,"column":6},"end":{"line":10,"column":null}},"6":{"start":{"line":14,"column":2},"end":{"line":14,"column":null}}},"fnMap":{"0":{"name":"(anonymous_0)","decl":{"start":{"line":3,"column":36},"end":{"line":3,"column":37}},"loc":{"start":{"line":3,"column":71},"end":{"line":15,"column":null}}},"1":{"name":"(anonymous_1)","decl":{"start":{"line":4,"column":47},"end":{"line":4,"column":53}},"loc":{"start":{"line":4,"column":53},"end":{"line":6,"column":3}}},"2":{"name":"(anonymous_2)","decl":{"start":{"line":8,"column":12},"end":{"line":8,"column":18}},"loc":{"start":{"line":8,"column":18},"end":{"line":12,"column":5}}}},"branchMap":{"0":{"loc":{"start":{"line":3,"column":37},"end":{"line":3,"column":71}},"type":"default-arg","locations":[{"start":{"line":3,"column":58},"end":{"line":3,"column":71}}]},"1":{"loc":{"start":{"line":5,"column":11},"end":{"line":5,"column":null}},"type":"binary-expr","locations":[{"start":{"line":5,"column":11},"end":{"line":5,"column":47}},{"start":{"line":5,"column":47},"end":{"line":5,"column":null}}]},"2":{"loc":{"start":{"line":9,"column":4},"end":{"line":11,"column":null}},"type":"if","locations":[{"start":{"line":9,"column":4},"end":{"line":11,"column":null}},{"start":{},"end":{}}]}},"s":{"0":1,"1":6,"2":4,"3":6,"4":6,"5":2,"6":6},"f":{"0":6,"1":4,"2":6},"b":{"0":[0],"1":[4,3],"2":[2,4]}}
,"C:/Users/Asus/Desktop/projects/React2025Q3/my-app/src/pages/About/About.tsx": {"path":"C:/Users/Asus/Desktop/projects/React2025Q3/my-app/src/pages/About/About.tsx","statementMap":{"0":{"start":{"line":4,"column":21},"end":{"line":73,"column":null}},"1":{"start":{"line":5,"column":34},"end":{"line":5,"column":null}},"2":{"start":{"line":6,"column":28},"end":{"line":6,"column":null}},"3":{"start":{"line":7,"column":20},"end":{"line":7,"column":null}},"4":{"start":{"line":8,"column":2},"end":{"line":27,"column":null}},"5":{"start":{"line":9,"column":29},"end":{"line":25,"column":null}},"6":{"start":{"line":10,"column":23},"end":{"line":10,"column":null}},"7":{"start":{"line":11,"column":6},"end":{"line":24,"column":null}},"8":{"start":{"line":12,"column":20},"end":{"line":14,"column":null}},"9":{"start":{"line":15,"column":8},"end":{"line":15,"column":null}},"10":{"start":{"line":15,"column":21},"end":{"line":15,"column":null}},"11":{"start":{"line":16,"column":21},"end":{"line":16,"column":null}},"12":{"start":{"line":17,"column":23},"end":{"line":17,"column":null}},"13":{"start":{"line":19,"column":8},"end":{"line":19,"column":null}},"14":{"start":{"line":20,"column":8},"end":{"line":20,"column":null}},"15":{"start":{"line":22,"column":8},"end":{"line":22,"column":null}},"16":{"start":{"line":23,"column":8},"end":{"line":23,"column":null}},"17":{"start":{"line":26,"column":4},"end":{"line":26,"column":null}},"18":{"start":{"line":29,"column":2},"end":{"line":71,"column":null}}},"fnMap":{"0":{"name":"(anonymous_0)","decl":{"start":{"line":4,"column":21},"end":{"line":4,"column":27}},"loc":{"start":{"line":4,"column":27},"end":{"line":73,"column":null}}},"1":{"name":"(anonymous_1)","decl":{"start":{"line":8,"column":12},"end":{"line":8,"column":18}},"loc":{"start":{"line":8,"column":18},"end":{"line":27,"column":5}}},"2":{"name":"(anonymous_2)","decl":{"start":{"line":9,"column":29},"end":{"line":9,"column":41}},"loc":{"start":{"line":9,"column":41},"end":{"line":25,"column":null}}}},"branchMap":{"0":{"loc":{"start":{"line":15,"column":8},"end":{"line":15,"column":null}},"type":"if","locations":[{"start":{"line":15,"column":8},"end":{"line":15,"column":null}},{"start":{},"end":{}}]},"1":{"loc":{"start":{"line":33,"column":10},"end":{"line":33,"column":null}},"type":"cond-expr","locations":[{"start":{"line":33,"column":30},"end":{"line":33,"column":53}},{"start":{"line":33,"column":53},"end":{"line":33,"column":null}}]},"2":{"loc":{"start":{"line":42,"column":14},"end":{"line":42,"column":null}},"type":"cond-expr","locations":[{"start":{"line":42,"column":34},"end":{"line":42,"column":56}},{"start":{"line":42,"column":56},"end":{"line":42,"column":null}}]},"3":{"loc":{"start":{"line":49,"column":25},"end":{"line":49,"column":70}},"type":"cond-expr","locations":[{"start":{"line":49,"column":45},"end":{"line":49,"column":59}},{"start":{"line":49,"column":59},"end":{"line":49,"column":70}}]},"4":{"loc":{"start":{"line":54,"column":14},"end":{"line":54,"column":null}},"type":"cond-expr","locations":[{"start":{"line":54,"column":34},"end":{"line":54,"column":56}},{"start":{"line":54,"column":56},"end":{"line":54,"column":null}}]},"5":{"loc":{"start":{"line":62,"column":11},"end":{"line":67,"column":null}},"type":"cond-expr","locations":[{"start":{"line":63,"column":12},"end":{"line":63,"column":null}},{"start":{"line":64,"column":14},"end":{"line":67,"column":null}}]},"6":{"loc":{"start":{"line":64,"column":14},"end":{"line":67,"column":null}},"type":"cond-expr","locations":[{"start":{"line":65,"column":12},"end":{"line":65,"column":null}},{"start":{"line":67,"column":12},"end":{"line":67,"column":null}}]}},"s":{"0":1,"1":3,"2":3,"3":3,"4":3,"5":2,"6":2,"7":2,"8":2,"9":1,"10":0,"11":1,"12":1,"13":1,"14":1,"15":0,"16":0,"17":2,"18":3},"f":{"0":3,"1":2,"2":2},"b":{"0":[0,1],"1":[3,0],"2":[3,0],"3":[3,0],"4":[3,0],"5":[1,2],"6":[0,2]}}
,"C:/Users/Asus/Desktop/projects/React2025Q3/my-app/src/pages/Error/Error.tsx": {"path":"C:/Users/Asus/Desktop/projects/React2025Q3/my-app/src/pages/Error/Error.tsx","statementMap":{"0":{"start":{"line":2,"column":21},"end":{"line":24,"column":null}},"1":{"start":{"line":3,"column":20},"end":{"line":3,"column":null}},"2":{"start":{"line":4,"column":2},"end":{"line":22,"column":null}}},"fnMap":{"0":{"name":"(anonymous_0)","decl":{"start":{"line":2,"column":21},"end":{"line":2,"column":27}},"loc":{"start":{"line":2,"column":27},"end":{"line":24,"column":null}}}},"branchMap":{"0":{"loc":{"start":{"line":7,"column":19},"end":{"line":7,"column":null}},"type":"cond-expr","locations":[{"start":{"line":7,"column":39},"end":{"line":7,"column":61}},{"start":{"line":7,"column":61},"end":{"line":7,"column":null}}]},"1":{"loc":{"start":{"line":13,"column":10},"end":{"line":13,"column":null}},"type":"cond-expr","locations":[{"start":{"line":13,"column":30},"end":{"line":13,"column":54}},{"start":{"line":13,"column":54},"end":{"line":13,"column":null}}]}},"s":{"0":1,"1":2,"2":2},"f":{"0":2},"b":{"0":[2,0],"1":[2,0]}}
,"C:/Users/Asus/Desktop/projects/React2025Q3/my-app/src/pages/HomePage/Homepage.tsx": {"path":"C:/Users/Asus/Desktop/projects/React2025Q3/my-app/src/pages/HomePage/Homepage.tsx","statementMap":{"0":{"start":{"line":8,"column":24},"end":{"line":39,"column":null}},"1":{"start":{"line":9,"column":40},"end":{"line":9,"column":null}},"2":{"start":{"line":11,"column":2},"end":{"line":37,"column":null}},"3":{"start":{"line":14,"column":8},"end":{"line":35,"column":null}}},"fnMap":{"0":{"name":"(anonymous_0)","decl":{"start":{"line":8,"column":24},"end":{"line":8,"column":30}},"loc":{"start":{"line":8,"column":30},"end":{"line":39,"column":null}}},"1":{"name":"(anonymous_1)","decl":{"start":{"line":13,"column":7},"end":{"line":13,"column":8}},"loc":{"start":{"line":14,"column":8},"end":{"line":35,"column":null}}}},"branchMap":{"0":{"loc":{"start":{"line":17,"column":13},"end":{"line":17,"column":null}},"type":"binary-expr","locations":[{"start":{"line":17,"column":13},"end":{"line":17,"column":24}},{"start":{"line":17,"column":24},"end":{"line":17,"column":null}}]},"1":{"loc":{"start":{"line":18,"column":13},"end":{"line":18,"column":null}},"type":"binary-expr","locations":[{"start":{"line":18,"column":13},"end":{"line":18,"column":22}},{"start":{"line":18,"column":22},"end":{"line":18,"column":null}}]},"2":{"loc":{"start":{"line":19,"column":13},"end":{"line":22,"column":null}},"type":"cond-expr","locations":[{"start":{"line":20,"column":14},"end":{"line":20,"column":null}},{"start":{"line":22,"column":14},"end":{"line":22,"column":null}}]},"3":{"loc":{"start":{"line":22,"column":14},"end":{"line":22,"column":null}},"type":"binary-expr","locations":[{"start":{"line":22,"column":14},"end":{"line":22,"column":29}},{"start":{"line":22,"column":29},"end":{"line":22,"column":null}}]}},"s":{"0":1,"1":1,"2":1,"3":1},"f":{"0":1,"1":1},"b":{"0":[1,0],"1":[1,0],"2":[1,0],"3":[0,0]}}
,"C:/Users/Asus/Desktop/projects/React2025Q3/my-app/src/pages/Welcome/Welcome.tsx": {"path":"C:/Users/Asus/Desktop/projects/React2025Q3/my-app/src/pages/Welcome/Welcome.tsx","statementMap":{"0":{"start":{"line":3,"column":23},"end":{"line":16,"column":null}},"1":{"start":{"line":4,"column":20},"end":{"line":4,"column":null}},"2":{"start":{"line":5,"column":2},"end":{"line":14,"column":null}}},"fnMap":{"0":{"name":"(anonymous_0)","decl":{"start":{"line":3,"column":23},"end":{"line":3,"column":29}},"loc":{"start":{"line":3,"column":29},"end":{"line":16,"column":null}}}},"branchMap":{"0":{"loc":{"start":{"line":7,"column":21},"end":{"line":7,"column":69}},"type":"cond-expr","locations":[{"start":{"line":7,"column":41},"end":{"line":7,"column":56}},{"start":{"line":7,"column":56},"end":{"line":7,"column":69}}]}},"s":{"0":1,"1":2,"2":2},"f":{"0":2},"b":{"0":[2,0]}}
}
